# JRE version: Java(TM) SE Runtime Environment (8.0_144-b01) (build 1.8.0_144-b01)
# Java VM: Java HotSpot(TM) 64-Bit Server VM (25.144-b01 mixed mode bsd-amd64 compressed oops)
Heap:
 PSYoungGen      total 35840K, used 24689K [0x0000000795580000, 0x0000000798900000, 0x00000007c0000000)
  eden space 22016K, 68% used [0x0000000795580000,0x0000000796439ea0,0x0000000796b00000)
  from space 13824K, 69% used [0x0000000797980000,0x00000007982e2670,0x0000000798700000)
  to   space 14848K, 0% used [0x0000000796b00000,0x0000000796b00000,0x0000000797980000)
 ParOldGen       total 42496K, used 19787K [0x0000000740000000, 0x0000000742980000, 0x0000000795580000)
  object space 42496K, 46% used [0x0000000740000000,0x0000000741352d38,0x0000000742980000)
 Metaspace       used 24661K, capacity 24980K, committed 25216K, reserved 1071104K
  class space    used 2998K, capacity 3101K, committed 3200K, reserved 1048576K
GC Heap History (10 events):
Event: 133.324 GC heap before
{Heap before GC invocations=19 (full 1):
 PSYoungGen      total 27136K, used 20441K [0x0000000795580000, 0x0000000798800000, 0x00000007c0000000)
  eden space 25088K, 74% used [0x0000000795580000,0x00000007967ae328,0x0000000796e00000)
  from space 2048K, 89% used [0x0000000796e80000,0x0000000797048300,0x0000000797080000)
  to   space 13312K, 0% used [0x0000000797b00000,0x0000000797b00000,0x0000000798800000)
 ParOldGen       total 42496K, used 7317K [0x0000000740000000, 0x0000000742980000, 0x0000000795580000)
  object space 42496K, 17% used [0x0000000740000000,0x0000000740725418,0x0000000742980000)
 Metaspace       used 24554K, capacity 24842K, committed 24960K, reserved 1071104K
  class space    used 2995K, capacity 3100K, committed 3200K, reserved 1048576K
Event: 133.327 GC heap after
Heap after GC invocations=19 (full 1):
 PSYoungGen      total 36352K, used 3472K [0x0000000795580000, 0x0000000798680000, 0x00000007c0000000)
  eden space 24576K, 0% used [0x0000000795580000,0x0000000795580000,0x0000000796d80000)
  from space 11776K, 29% used [0x0000000797b00000,0x0000000797e640a8,0x0000000798680000)
  to   space 12800K, 0% used [0x0000000796d80000,0x0000000796d80000,0x0000000797a00000)
 ParOldGen       total 42496K, used 7933K [0x0000000740000000, 0x0000000742980000, 0x0000000795580000)
  object space 42496K, 18% used [0x0000000740000000,0x00000007407bf5c8,0x0000000742980000)
 Metaspace       used 24554K, capacity 24842K, committed 24960K, reserved 1071104K
  class space    used 2995K, capacity 3100K, committed 3200K, reserved 1048576K
}
Event: 134.218 GC heap before
{Heap before GC invocations=20 (full 1):
 PSYoungGen      total 36352K, used 19063K [0x0000000795580000, 0x0000000798680000, 0x00000007c0000000)
  eden space 24576K, 63% used [0x0000000795580000,0x00000007964b9c50,0x0000000796d80000)
  from space 11776K, 29% used [0x0000000797b00000,0x0000000797e640a8,0x0000000798680000)
  to   space 12800K, 0% used [0x0000000796d80000,0x0000000796d80000,0x0000000797a00000)
 ParOldGen       total 42496K, used 7933K [0x0000000740000000, 0x0000000742980000, 0x0000000795580000)
  object space 42496K, 18% used [0x0000000740000000,0x00000007407bf5c8,0x0000000742980000)
 Metaspace       used 24555K, capacity 24842K, committed 24960K, reserved 1071104K
  class space    used 2995K, capacity 3100K, committed 3200K, reserved 1048576K
Event: 134.237 GC heap after
Heap after GC invocations=20 (full 1):
 PSYoungGen      total 27648K, used 3445K [0x0000000795580000, 0x0000000798400000, 0x00000007c0000000)
  eden space 24064K, 0% used [0x0000000795580000,0x0000000795580000,0x0000000796d00000)
  from space 3584K, 96% used [0x0000000796d80000,0x00000007970dd698,0x0000000797100000)
  to   space 11776K, 0% used [0x0000000797880000,0x0000000797880000,0x0000000798400000)
 ParOldGen       total 42496K, used 7941K [0x0000000740000000, 0x0000000742980000, 0x0000000795580000)
  object space 42496K, 18% used [0x0000000740000000,0x00000007407c15c8,0x0000000742980000)
 Metaspace       used 24555K, capacity 24842K, committed 24960K, reserved 1071104K
  class space    used 2995K, capacity 3100K, committed 3200K, reserved 1048576K
}
Event: 2901.452 GC heap before
{Heap before GC invocations=21 (full 1):
 PSYoungGen      total 27648K, used 18645K [0x0000000795580000, 0x0000000798400000, 0x00000007c0000000)
  eden space 24064K, 63% used [0x0000000795580000,0x0000000796457e10,0x0000000796d00000)
  from space 3584K, 96% used [0x0000000796d80000,0x00000007970dd698,0x0000000797100000)
  to   space 11776K, 0% used [0x0000000797880000,0x0000000797880000,0x0000000798400000)
 ParOldGen       total 42496K, used 7941K [0x0000000740000000, 0x0000000742980000, 0x0000000795580000)
  object space 42496K, 18% used [0x0000000740000000,0x00000007407c15c8,0x0000000742980000)
 Metaspace       used 24566K, capacity 24842K, committed 24960K, reserved 1071104K
  class space    used 2997K, capacity 3100K, committed 3200K, reserved 1048576K
Event: 2901.562 GC heap after
Heap after GC invocations=21 (full 1):
 PSYoungGen      total 34816K, used 9270K [0x0000000795580000, 0x0000000798600000, 0x00000007c0000000)
  eden space 23040K, 0% used [0x0000000795580000,0x0000000795580000,0x0000000796c00000)
  from space 11776K, 78% used [0x0000000797880000,0x000000079818d988,0x0000000798400000)
  to   space 12800K, 0% used [0x0000000796c00000,0x0000000796c00000,0x0000000797880000)
 ParOldGen       total 42496K, used 7965K [0x0000000740000000, 0x0000000742980000, 0x0000000795580000)
  object space 42496K, 18% used [0x0000000740000000,0x00000007407c75c8,0x0000000742980000)
 Metaspace       used 24566K, capacity 24842K, committed 24960K, reserved 1071104K
  class space    used 2997K, capacity 3100K, committed 3200K, reserved 1048576K
}
Event: 2947.247 GC heap before
{Heap before GC invocations=22 (full 1):
 PSYoungGen      total 34816K, used 32310K [0x0000000795580000, 0x0000000798600000, 0x00000007c0000000)
  eden space 23040K, 100% used [0x0000000795580000,0x0000000796c00000,0x0000000796c00000)
  from space 11776K, 78% used [0x0000000797880000,0x000000079818d988,0x0000000798400000)
  to   space 12800K, 0% used [0x0000000796c00000,0x0000000796c00000,0x0000000797880000)
 ParOldGen       total 42496K, used 19675K [0x0000000740000000, 0x0000000742980000, 0x0000000795580000)
  object space 42496K, 46% used [0x0000000740000000,0x0000000741336d38,0x0000000742980000)
 Metaspace       used 24614K, capacity 24906K, committed 25216K, reserved 1071104K
  class space    used 2998K, capacity 3100K, committed 3200K, reserved 1048576K
Event: 2947.260 GC heap after
Heap after GC invocations=22 (full 1):
 PSYoungGen      total 35840K, used 9583K [0x0000000795580000, 0x0000000798700000, 0x00000007c0000000)
  eden space 23040K, 0% used [0x0000000795580000,0x0000000795580000,0x0000000796c00000)
  from space 12800K, 74% used [0x0000000796c00000,0x000000079755bfa8,0x0000000797880000)
  to   space 13824K, 0% used [0x0000000797980000,0x0000000797980000,0x0000000798700000)
 ParOldGen       total 42496K, used 19707K [0x0000000740000000, 0x0000000742980000, 0x0000000795580000)
  object space 42496K, 46% used [0x0000000740000000,0x000000074133ed38,0x0000000742980000)
 Metaspace       used 24614K, capacity 24906K, committed 25216K, reserved 1071104K
  class space    used 2998K, capacity 3100K, committed 3200K, reserved 1048576K
}
Event: 4158.779 GC heap before
{Heap before GC invocations=23 (full 1):
 PSYoungGen      total 35840K, used 30768K [0x0000000795580000, 0x0000000798700000, 0x00000007c0000000)
  eden space 23040K, 91% used [0x0000000795580000,0x0000000796a30410,0x0000000796c00000)
  from space 12800K, 74% used [0x0000000796c00000,0x000000079755bfa8,0x0000000797880000)
  to   space 13824K, 0% used [0x0000000797980000,0x0000000797980000,0x0000000798700000)
 ParOldGen       total 42496K, used 19707K [0x0000000740000000, 0x0000000742980000, 0x0000000795580000)
  object space 42496K, 46% used [0x0000000740000000,0x000000074133ed38,0x0000000742980000)
 Metaspace       used 24661K, capacity 24980K, committed 25216K, reserved 1071104K
  class space    used 2998K, capacity 3101K, committed 3200K, reserved 1048576K
Event: 4158.783 GC heap after
Heap after GC invocations=23 (full 1):
 PSYoungGen      total 35840K, used 9609K [0x0000000795580000, 0x0000000798900000, 0x00000007c0000000)
  eden space 22016K, 0% used [0x0000000795580000,0x0000000795580000,0x0000000796b00000)
  from space 13824K, 69% used [0x0000000797980000,0x00000007982e2670,0x0000000798700000)
  to   space 14848K, 0% used [0x0000000796b00000,0x0000000796b00000,0x0000000797980000)
 ParOldGen       total 42496K, used 19787K [0x0000000740000000, 0x0000000742980000, 0x0000000795580000)
  object space 42496K, 46% used [0x0000000740000000,0x0000000741352d38,0x0000000742980000)
 Metaspace       used 24661K, capacity 24980K, committed 25216K, reserved 1071104K
  class space    used 2998K, capacity 3101K, committed 3200K, reserved 1048576K
}

